2025-11-20 10:54:25,821 - __main__ - INFO - Random seed set to 42
2025-11-20 10:54:25,843 - __main__ - INFO - Using CUDA: NVIDIA GeForce RTX 2080 Ti
2025-11-20 10:54:25,843 - __main__ - INFO - ======================================================================
2025-11-20 10:54:25,843 - __main__ - INFO - Loading and preprocessing dataset...
2025-11-20 10:54:25,843 - __main__ - INFO - ======================================================================
2025-11-20 10:54:25,927 - data_loader - INFO - Parsing dataset for label [walk]...
2025-11-20 10:54:25,927 - data_loader - INFO - Parsing dataset for label [construction]...
2025-11-20 10:54:25,927 - data_loader - INFO - Parsing dataset for label [longboard]...
2025-11-20 10:54:25,927 - data_loader - INFO - Parsing dataset for label [regular]...
2025-11-20 10:54:25,927 - data_loader - INFO - Parsing dataset for label [car]...
2025-11-20 10:54:25,927 - data_loader - INFO - Parsing dataset for label [fence]...
2025-11-20 10:54:25,928 - data_loader - INFO - Processing file: /nobackup/carda/datasets/DAS-dataset/data/walk/walking2_2023-04-17T122153+0100.h5
2025-11-20 10:54:25,928 - data_loader - INFO - Processing file: /nobackup/carda/datasets/DAS-dataset/data/construction/reconstruction1_2023-06-06T150714+0100.h5
2025-11-20 10:54:25,928 - data_loader - INFO - Parsing dataset for label [openclose]...
2025-11-20 10:54:25,928 - data_loader - INFO - Processing file: /nobackup/carda/datasets/DAS-dataset/data/longboard/longboardroad_2023-04-17T123638+0100.h5
2025-11-20 10:54:25,928 - data_loader - INFO - Parsing dataset for label [running]...
2025-11-20 10:54:25,928 - data_loader - INFO - Processing file: /nobackup/carda/datasets/DAS-dataset/data/regular/regularshit_2023-04-17T130103+0100.h5
2025-11-20 10:54:25,928 - data_loader - INFO - Parsing dataset for label [manipulation]...
2025-11-20 10:54:25,928 - data_loader - INFO - Processing file: /nobackup/carda/datasets/DAS-dataset/data/fence/kopani_plot_2023-11-07T150207Z.h5
2025-11-20 10:54:25,928 - data_loader - INFO - Processing file: /nobackup/carda/datasets/DAS-dataset/data/car/auto2_2023-04-17T124510+0100.h5
2025-11-20 10:54:25,928 - data_loader - INFO - Processing file: /nobackup/carda/datasets/DAS-dataset/data/openclose/openingclosing_2023-04-17T122658+0100.h5
2025-11-20 10:54:25,928 - data_loader - INFO - Processing file: /nobackup/carda/datasets/DAS-dataset/data/running/running_2023-04-17T122413+0100.h5
2025-11-20 10:54:25,929 - data_loader - INFO - Processing file: /nobackup/carda/datasets/DAS-dataset/data/manipulation/manipulation_2023-04-17T122847+0100.h5
2025-11-20 10:54:27,719 - data_loader - INFO - Processing file: /nobackup/carda/datasets/DAS-dataset/data/car/auto4_2023-06-06T145055+0100.h5
2025-11-20 10:54:28,518 - data_loader - INFO - Processing file: /nobackup/carda/datasets/DAS-dataset/data/longboard/longboard_2023-04-17T123543+0100.h5
2025-11-20 10:54:28,915 - data_loader - WARNING - Total samples extracted for openclose: 6792
2025-11-20 10:54:31,482 - data_loader - WARNING - Total samples extracted for longboard: 15367
2025-11-20 10:54:31,711 - data_loader - WARNING - Total samples extracted for running: 13877
2025-11-20 10:54:32,155 - data_loader - WARNING - Total samples extracted for manipulation: 17710
2025-11-20 10:54:32,826 - data_loader - INFO - Processing file: /nobackup/carda/datasets/DAS-dataset/data/walk/walking_2023-04-17T121933+0100.h5
2025-11-20 10:54:33,015 - data_loader - INFO - Processing file: /nobackup/carda/datasets/DAS-dataset/data/fence/fence_2023-04-17T123117+0100.h5
2025-11-20 10:54:33,483 - data_loader - INFO - Processing file: /nobackup/carda/datasets/DAS-dataset/data/fence/plot_2023-11-07T150119Z.h5
2025-11-20 10:54:35,606 - data_loader - WARNING - Total samples extracted for walk: 19155
2025-11-20 10:54:37,635 - data_loader - WARNING - Total samples extracted for fence: 43981
2025-11-20 10:54:39,431 - data_loader - INFO - Processing file: /nobackup/carda/datasets/DAS-dataset/data/car/auto_2023-04-17T124152+0100.h5
2025-11-20 10:54:41,323 - data_loader - WARNING - Total samples extracted for construction: 54832
2025-11-20 10:54:41,805 - data_loader - WARNING - Total samples extracted for regular: 4201
2025-11-20 10:54:43,029 - data_loader - INFO - Processing file: /nobackup/carda/datasets/DAS-dataset/data/car/auto4_2023-06-06T144655+0100.h5
2025-11-20 10:54:45,135 - data_loader - WARNING - Total samples extracted for car: 58017
2025-11-20 10:54:51,092 - data_loader - INFO - Applying preprocessing transformation to dataset...
2025-11-20 10:54:52,606 - data_loader - INFO - Applying preprocessing function: <function fft at 0x7f46d85f7a60>
2025-11-20 10:55:16,063 - data_loader - INFO - Filtering out noisy samples...
2025-11-20 10:55:55,615 - data_loader - INFO - Encoding labels...
2025-11-20 10:55:55,770 - data_loader - WARNING - Sample counts per category: Counter({'construction': 29169, 'car': 20957, 'manipulation': 17223, 'running': 12927, 'walk': 12714, 'longboard': 11908, 'openclose': 5943, 'regular': 4201, 'fence': 3600})
/home/carda/projects/2026-ICMLCN-Siamese/venv/lib/python3.13/site-packages/sklearn/preprocessing/_label.py:110: DataConversionWarning: A column-vector y was passed when a 1d array was expected. Please change the shape of y to (n_samples, ), for example using ravel().
  y = column_or_1d(y, warn=True)
2025-11-20 10:55:55,877 - data_loader - WARNING - Computed class weights: [0.62902345 0.45193337 3.66179012 1.10702422 0.76539769 2.21814647
 3.13793012 1.01976054 1.03684477]
2025-11-20 10:55:55,946 - data_loader - WARNING - Label encoding complete: ['car' 'construction' 'fence' 'longboard' 'manipulation' 'openclose'
 'regular' 'running' 'walk']
2025-11-20 10:55:58,403 - __main__ - INFO - Dataset loaded: 118642 samples
2025-11-20 10:55:58,404 - __main__ - INFO - Feature shape: (118642, 2048)
2025-11-20 10:55:58,404 - __main__ - INFO - Label shape: (118642, 9)
2025-11-20 10:55:58,404 - __main__ - INFO - Number of classes: 9
2025-11-20 10:55:58,404 - __main__ - INFO - Class names: ['car' 'construction' 'fence' 'longboard' 'manipulation' 'openclose'
 'regular' 'running' 'walk']
2025-11-20 10:55:58,413 - __main__ - INFO - Class weights for handling imbalance: [0.62902343 0.45193338 3.6617901  1.1070242  0.76539767 2.2181466
 3.1379302  1.0197605  1.0368447 ]
2025-11-20 10:55:58,413 - __main__ - INFO - ======================================================================
2025-11-20 10:55:58,413 - __main__ - INFO - Splitting dataset into train, validation, and test sets...
2025-11-20 10:55:58,413 - __main__ - INFO - ======================================================================
2025-11-20 10:55:58,894 - __main__ - INFO - Training samples: 94912 (80.0%)
2025-11-20 10:55:58,895 - __main__ - INFO - Validation samples: 11865 (10.0%)
2025-11-20 10:55:58,895 - __main__ - INFO - Test samples: 11865 (10.0%)
2025-11-20 10:56:00,212 - __main__ - INFO - ======================================================================
2025-11-20 10:56:00,212 - __main__ - INFO - Initializing model...
2025-11-20 10:56:00,212 - __main__ - INFO - ======================================================================
2025-11-20 10:56:01,227 - __main__ - INFO - Model architecture:
2025-11-20 10:56:01,227 - __main__ - INFO - DASEventClassifier(
  (conv1): Conv1d(1, 64, kernel_size=(7,), stride=(1,))
  (leaky_relu1): LeakyReLU(negative_slope=0.01)
  (pool1): MaxPool1d(kernel_size=4, stride=4, padding=0, dilation=1, ceil_mode=False)
  (conv2): Conv1d(64, 256, kernel_size=(7,), stride=(1,))
  (leaky_relu2): LeakyReLU(negative_slope=0.01)
  (pool2): MaxPool1d(kernel_size=4, stride=4, padding=0, dilation=1, ceil_mode=False)
  (flatten): Flatten(start_dim=1, end_dim=-1)
  (fc1): Linear(in_features=32256, out_features=1024, bias=True)
  (dropout): Dropout(p=0.25, inplace=False)
  (activation): ReLU()
  (fc2): Linear(in_features=1024, out_features=9, bias=True)
)
2025-11-20 10:56:01,228 - __main__ - INFO - Total parameters: 33,155,849
2025-11-20 10:56:01,228 - __main__ - INFO - Trainable parameters: 33,155,849
2025-11-20 10:56:01,228 - __main__ - INFO - ======================================================================
2025-11-20 10:56:01,228 - __main__ - INFO - Starting training...
2025-11-20 10:56:01,228 - __main__ - INFO - ======================================================================
2025-11-20 10:56:01,228 - __main__ - INFO - Using class weights: [0.62902343 0.45193338 3.6617901  1.1070242  0.76539767 2.2181466
 3.1379302  1.0197605  1.0368447 ]
2025-11-20 10:56:03,650 - __main__ - INFO - Starting training for 100 epochs...
2025-11-20 10:56:03,651 - __main__ - INFO - Learning rate: 0.0001, Weight decay: 0.0001
2025-11-20 10:56:03,651 - __main__ - INFO - Early stopping patience: 15 epochs
2025-11-20 10:56:24,945 - __main__ - INFO - Epoch [1/100] | Train Loss: 1.3828 | Train Acc: 0.4643 | Val Loss: 1.0934 | Val Acc: 0.5677 * BEST *
2025-11-20 10:56:45,712 - __main__ - INFO - Epoch [2/100] | Train Loss: 0.9772 | Train Acc: 0.6208 | Val Loss: 0.9527 | Val Acc: 0.6356 * BEST *
2025-11-20 10:57:07,042 - __main__ - INFO - Epoch [3/100] | Train Loss: 0.7713 | Train Acc: 0.6983 | Val Loss: 0.9038 | Val Acc: 0.6646 * BEST *
2025-11-20 10:57:28,785 - __main__ - INFO - Epoch [4/100] | Train Loss: 0.5712 | Train Acc: 0.7683 | Val Loss: 0.9041 | Val Acc: 0.6873 * BEST *
2025-11-20 10:57:50,936 - __main__ - INFO - Epoch [5/100] | Train Loss: 0.4160 | Train Acc: 0.8243 | Val Loss: 0.9121 | Val Acc: 0.6882 * BEST *
2025-11-20 10:58:13,462 - __main__ - INFO - Epoch [6/100] | Train Loss: 0.2944 | Train Acc: 0.8718 | Val Loss: 0.9792 | Val Acc: 0.7142 * BEST *
2025-11-20 10:58:36,174 - __main__ - INFO - Epoch [7/100] | Train Loss: 0.2069 | Train Acc: 0.9078 | Val Loss: 1.0645 | Val Acc: 0.7123
2025-11-20 10:58:59,128 - __main__ - INFO - Epoch [8/100] | Train Loss: 0.1464 | Train Acc: 0.9362 | Val Loss: 1.1461 | Val Acc: 0.7119
2025-11-20 10:59:22,283 - __main__ - INFO - Epoch [9/100] | Train Loss: 0.1069 | Train Acc: 0.9535 | Val Loss: 1.2477 | Val Acc: 0.7204 * BEST *
2025-11-20 10:59:45,627 - __main__ - INFO - Epoch [10/100] | Train Loss: 0.0825 | Train Acc: 0.9664 | Val Loss: 1.4592 | Val Acc: 0.7203
2025-11-20 11:00:09,181 - __main__ - INFO - Epoch [11/100] | Train Loss: 0.0675 | Train Acc: 0.9740 | Val Loss: 1.4814 | Val Acc: 0.7249 * BEST *
2025-11-20 11:00:32,917 - __main__ - INFO - Epoch [12/100] | Train Loss: 0.0575 | Train Acc: 0.9784 | Val Loss: 1.4212 | Val Acc: 0.7216
2025-11-20 11:00:56,716 - __main__ - INFO - Epoch [13/100] | Train Loss: 0.0512 | Train Acc: 0.9811 | Val Loss: 1.4197 | Val Acc: 0.7184
2025-11-20 11:01:20,720 - __main__ - INFO - Epoch [14/100] | Train Loss: 0.0459 | Train Acc: 0.9833 | Val Loss: 1.4841 | Val Acc: 0.7156
2025-11-20 11:01:44,814 - __main__ - INFO - Epoch [15/100] | Train Loss: 0.0424 | Train Acc: 0.9846 | Val Loss: 1.5504 | Val Acc: 0.7231
2025-11-20 11:02:09,043 - __main__ - INFO - Epoch [16/100] | Train Loss: 0.0402 | Train Acc: 0.9853 | Val Loss: 1.4767 | Val Acc: 0.7207
2025-11-20 11:02:33,472 - __main__ - INFO - Epoch [17/100] | Train Loss: 0.0381 | Train Acc: 0.9859 | Val Loss: 1.6026 | Val Acc: 0.7241
2025-11-20 11:02:58,131 - __main__ - INFO - Epoch [18/100] | Train Loss: 0.0364 | Train Acc: 0.9865 | Val Loss: 1.6206 | Val Acc: 0.7227
2025-11-20 11:03:22,828 - __main__ - INFO - Epoch [19/100] | Train Loss: 0.0346 | Train Acc: 0.9872 | Val Loss: 1.6646 | Val Acc: 0.7253 * BEST *
2025-11-20 11:03:47,725 - __main__ - INFO - Epoch [20/100] | Train Loss: 0.0332 | Train Acc: 0.9879 | Val Loss: 1.7443 | Val Acc: 0.7300 * BEST *
2025-11-20 11:04:12,759 - __main__ - INFO - Epoch [21/100] | Train Loss: 0.0326 | Train Acc: 0.9883 | Val Loss: 1.5341 | Val Acc: 0.7194
2025-11-20 11:04:37,970 - __main__ - INFO - Epoch [22/100] | Train Loss: 0.0329 | Train Acc: 0.9882 | Val Loss: 1.6269 | Val Acc: 0.7254
2025-11-20 11:05:03,722 - __main__ - INFO - Epoch [23/100] | Train Loss: 0.0311 | Train Acc: 0.9889 | Val Loss: 1.5905 | Val Acc: 0.7251
2025-11-20 11:05:29,493 - __main__ - INFO - Epoch [24/100] | Train Loss: 0.0303 | Train Acc: 0.9890 | Val Loss: 1.5575 | Val Acc: 0.7216
2025-11-20 11:05:55,425 - __main__ - INFO - Epoch [25/100] | Train Loss: 0.0294 | Train Acc: 0.9894 | Val Loss: 1.7547 | Val Acc: 0.7284
2025-11-20 11:06:21,833 - __main__ - INFO - Epoch [26/100] | Train Loss: 0.0295 | Train Acc: 0.9897 | Val Loss: 1.7024 | Val Acc: 0.7295
2025-11-20 11:06:47,878 - __main__ - INFO - Epoch [27/100] | Train Loss: 0.0293 | Train Acc: 0.9892 | Val Loss: 1.6518 | Val Acc: 0.7276
2025-11-20 11:07:14,399 - __main__ - INFO - Epoch [28/100] | Train Loss: 0.0284 | Train Acc: 0.9893 | Val Loss: 1.7110 | Val Acc: 0.7284
2025-11-20 11:07:40,893 - __main__ - INFO - Epoch [29/100] | Train Loss: 0.0273 | Train Acc: 0.9900 | Val Loss: 1.7000 | Val Acc: 0.7290
2025-11-20 11:08:07,665 - __main__ - INFO - Epoch [30/100] | Train Loss: 0.0275 | Train Acc: 0.9901 | Val Loss: 1.7635 | Val Acc: 0.7293
2025-11-20 11:08:34,381 - __main__ - INFO - Epoch [31/100] | Train Loss: 0.0269 | Train Acc: 0.9903 | Val Loss: 1.7816 | Val Acc: 0.7269
2025-11-20 11:09:01,260 - __main__ - INFO - Epoch [32/100] | Train Loss: 0.0283 | Train Acc: 0.9901 | Val Loss: 1.9572 | Val Acc: 0.7334 * BEST *
2025-11-20 11:09:28,344 - __main__ - INFO - Epoch [33/100] | Train Loss: 0.0253 | Train Acc: 0.9905 | Val Loss: 1.7113 | Val Acc: 0.7344 * BEST *
2025-11-20 11:09:55,672 - __main__ - INFO - Epoch [34/100] | Train Loss: 0.0259 | Train Acc: 0.9909 | Val Loss: 1.7456 | Val Acc: 0.7329
2025-11-20 11:10:22,858 - __main__ - INFO - Epoch [35/100] | Train Loss: 0.0271 | Train Acc: 0.9904 | Val Loss: 1.7329 | Val Acc: 0.7365 * BEST *
2025-11-20 11:10:50,250 - __main__ - INFO - Epoch [36/100] | Train Loss: 0.0258 | Train Acc: 0.9906 | Val Loss: 1.6949 | Val Acc: 0.7381 * BEST *
2025-11-20 11:11:17,768 - __main__ - INFO - Epoch [37/100] | Train Loss: 0.0244 | Train Acc: 0.9911 | Val Loss: 1.7282 | Val Acc: 0.7365
2025-11-20 11:11:45,169 - __main__ - INFO - Epoch [38/100] | Train Loss: 0.0255 | Train Acc: 0.9913 | Val Loss: 1.7322 | Val Acc: 0.7380
2025-11-20 11:12:12,934 - __main__ - INFO - Epoch [39/100] | Train Loss: 0.0250 | Train Acc: 0.9907 | Val Loss: 1.8933 | Val Acc: 0.7344
2025-11-20 11:12:40,924 - __main__ - INFO - Epoch [40/100] | Train Loss: 0.0246 | Train Acc: 0.9913 | Val Loss: 1.7119 | Val Acc: 0.7342
2025-11-20 11:13:09,065 - __main__ - INFO - Epoch [41/100] | Train Loss: 0.0251 | Train Acc: 0.9914 | Val Loss: 1.7054 | Val Acc: 0.7359
2025-11-20 11:13:37,434 - __main__ - INFO - Epoch [42/100] | Train Loss: 0.0244 | Train Acc: 0.9917 | Val Loss: 1.6804 | Val Acc: 0.7332
2025-11-20 11:14:05,779 - __main__ - INFO - Epoch [43/100] | Train Loss: 0.0248 | Train Acc: 0.9914 | Val Loss: 1.7037 | Val Acc: 0.7427 * BEST *
2025-11-20 11:14:34,635 - __main__ - INFO - Epoch [44/100] | Train Loss: 0.0239 | Train Acc: 0.9915 | Val Loss: 1.6116 | Val Acc: 0.7382
2025-11-20 11:15:03,090 - __main__ - INFO - Epoch [45/100] | Train Loss: 0.0230 | Train Acc: 0.9917 | Val Loss: 1.7660 | Val Acc: 0.7371
2025-11-20 11:15:31,613 - __main__ - INFO - Epoch [46/100] | Train Loss: 0.0233 | Train Acc: 0.9916 | Val Loss: 1.7278 | Val Acc: 0.7391
2025-11-20 11:16:00,249 - __main__ - INFO - Epoch [47/100] | Train Loss: 0.0231 | Train Acc: 0.9917 | Val Loss: 1.6568 | Val Acc: 0.7375
2025-11-20 11:16:29,037 - __main__ - INFO - Epoch [48/100] | Train Loss: 0.0224 | Train Acc: 0.9920 | Val Loss: 1.5180 | Val Acc: 0.7356
2025-11-20 11:16:57,621 - __main__ - INFO - Epoch [49/100] | Train Loss: 0.0229 | Train Acc: 0.9920 | Val Loss: 1.7839 | Val Acc: 0.7341
2025-11-20 11:17:26,046 - __main__ - INFO - Epoch [50/100] | Train Loss: 0.0233 | Train Acc: 0.9916 | Val Loss: 1.6596 | Val Acc: 0.7442 * BEST *
2025-11-20 11:17:54,489 - __main__ - INFO - Epoch [51/100] | Train Loss: 0.0231 | Train Acc: 0.9922 | Val Loss: 1.5714 | Val Acc: 0.7406
2025-11-20 11:18:22,968 - __main__ - INFO - Epoch [52/100] | Train Loss: 0.0225 | Train Acc: 0.9922 | Val Loss: 1.6569 | Val Acc: 0.7452 * BEST *
2025-11-20 11:18:51,469 - __main__ - INFO - Epoch [53/100] | Train Loss: 0.0228 | Train Acc: 0.9920 | Val Loss: 1.5794 | Val Acc: 0.7402
2025-11-20 11:19:19,942 - __main__ - INFO - Epoch [54/100] | Train Loss: 0.0217 | Train Acc: 0.9927 | Val Loss: 1.8127 | Val Acc: 0.7424
2025-11-20 11:19:48,787 - __main__ - INFO - Epoch [55/100] | Train Loss: 0.0219 | Train Acc: 0.9926 | Val Loss: 1.5825 | Val Acc: 0.7375
2025-11-20 11:20:17,425 - __main__ - INFO - Epoch [56/100] | Train Loss: 0.0216 | Train Acc: 0.9924 | Val Loss: 1.7996 | Val Acc: 0.7467 * BEST *
2025-11-20 11:20:46,365 - __main__ - INFO - Epoch [57/100] | Train Loss: 0.0210 | Train Acc: 0.9924 | Val Loss: 1.8763 | Val Acc: 0.7428
2025-11-20 11:21:15,510 - __main__ - INFO - Epoch [58/100] | Train Loss: 0.0216 | Train Acc: 0.9928 | Val Loss: 1.7652 | Val Acc: 0.7458
2025-11-20 11:21:44,963 - __main__ - INFO - Epoch [59/100] | Train Loss: 0.0217 | Train Acc: 0.9927 | Val Loss: 1.7195 | Val Acc: 0.7445
2025-11-20 11:22:14,408 - __main__ - INFO - Epoch [60/100] | Train Loss: 0.0219 | Train Acc: 0.9924 | Val Loss: 1.6293 | Val Acc: 0.7436
2025-11-20 11:22:43,727 - __main__ - INFO - Epoch [61/100] | Train Loss: 0.0210 | Train Acc: 0.9926 | Val Loss: 1.6833 | Val Acc: 0.7465
2025-11-20 11:23:12,832 - __main__ - INFO - Epoch [62/100] | Train Loss: 0.0209 | Train Acc: 0.9929 | Val Loss: 1.4903 | Val Acc: 0.7334
2025-11-20 11:23:42,299 - __main__ - INFO - Epoch [63/100] | Train Loss: 0.0205 | Train Acc: 0.9929 | Val Loss: 1.5614 | Val Acc: 0.7409
2025-11-20 11:24:11,617 - __main__ - INFO - Epoch [64/100] | Train Loss: 0.0217 | Train Acc: 0.9928 | Val Loss: 1.5921 | Val Acc: 0.7403
2025-11-20 11:24:40,891 - __main__ - INFO - Epoch [65/100] | Train Loss: 0.0205 | Train Acc: 0.9930 | Val Loss: 1.5717 | Val Acc: 0.7405
2025-11-20 11:25:10,204 - __main__ - INFO - Epoch [66/100] | Train Loss: 0.0197 | Train Acc: 0.9928 | Val Loss: 1.5954 | Val Acc: 0.7471 * BEST *
2025-11-20 11:25:39,457 - __main__ - INFO - Epoch [67/100] | Train Loss: 0.0211 | Train Acc: 0.9926 | Val Loss: 1.8291 | Val Acc: 0.7498 * BEST *
2025-11-20 11:26:08,389 - __main__ - INFO - Epoch [68/100] | Train Loss: 0.0208 | Train Acc: 0.9925 | Val Loss: 1.7248 | Val Acc: 0.7462
2025-11-20 11:26:37,684 - __main__ - INFO - Epoch [69/100] | Train Loss: 0.0208 | Train Acc: 0.9928 | Val Loss: 1.7199 | Val Acc: 0.7495
2025-11-20 11:27:07,038 - __main__ - INFO - Epoch [70/100] | Train Loss: 0.0205 | Train Acc: 0.9933 | Val Loss: 1.6849 | Val Acc: 0.7501 * BEST *
2025-11-20 11:27:36,194 - __main__ - INFO - Epoch [71/100] | Train Loss: 0.0193 | Train Acc: 0.9930 | Val Loss: 1.6631 | Val Acc: 0.7429
2025-11-20 11:28:05,307 - __main__ - INFO - Epoch [72/100] | Train Loss: 0.0211 | Train Acc: 0.9928 | Val Loss: 1.7199 | Val Acc: 0.7449
2025-11-20 11:28:34,571 - __main__ - INFO - Epoch [73/100] | Train Loss: 0.0190 | Train Acc: 0.9932 | Val Loss: 1.6343 | Val Acc: 0.7477
2025-11-20 11:29:04,068 - __main__ - INFO - Epoch [74/100] | Train Loss: 0.0192 | Train Acc: 0.9932 | Val Loss: 1.6804 | Val Acc: 0.7406
2025-11-20 11:29:33,751 - __main__ - INFO - Epoch [75/100] | Train Loss: 0.0193 | Train Acc: 0.9932 | Val Loss: 1.6319 | Val Acc: 0.7402
2025-11-20 11:30:03,315 - __main__ - INFO - Epoch [76/100] | Train Loss: 0.0208 | Train Acc: 0.9928 | Val Loss: 1.4912 | Val Acc: 0.7461
2025-11-20 11:30:33,220 - __main__ - INFO - Epoch [77/100] | Train Loss: 0.0198 | Train Acc: 0.9931 | Val Loss: 1.6573 | Val Acc: 0.7427
2025-11-20 11:31:03,308 - __main__ - INFO - Epoch [78/100] | Train Loss: 0.0194 | Train Acc: 0.9933 | Val Loss: 1.6764 | Val Acc: 0.7500
2025-11-20 11:31:33,016 - __main__ - INFO - Epoch [79/100] | Train Loss: 0.0185 | Train Acc: 0.9940 | Val Loss: 1.7000 | Val Acc: 0.7512 * BEST *
2025-11-20 11:32:02,936 - __main__ - INFO - Epoch [80/100] | Train Loss: 0.0193 | Train Acc: 0.9936 | Val Loss: 1.7258 | Val Acc: 0.7515 * BEST *
2025-11-20 11:32:32,753 - __main__ - INFO - Epoch [81/100] | Train Loss: 0.0179 | Train Acc: 0.9935 | Val Loss: 1.8384 | Val Acc: 0.7494
2025-11-20 11:33:02,615 - __main__ - INFO - Epoch [82/100] | Train Loss: 0.0204 | Train Acc: 0.9929 | Val Loss: 1.6078 | Val Acc: 0.7463
2025-11-20 11:33:32,228 - __main__ - INFO - Epoch [83/100] | Train Loss: 0.0191 | Train Acc: 0.9937 | Val Loss: 1.6359 | Val Acc: 0.7431
2025-11-20 11:34:01,648 - __main__ - INFO - Epoch [84/100] | Train Loss: 0.0183 | Train Acc: 0.9938 | Val Loss: 1.5691 | Val Acc: 0.7482
2025-11-20 11:34:31,124 - __main__ - INFO - Epoch [85/100] | Train Loss: 0.0185 | Train Acc: 0.9939 | Val Loss: 1.7204 | Val Acc: 0.7477
2025-11-20 11:35:00,477 - __main__ - INFO - Epoch [86/100] | Train Loss: 0.0181 | Train Acc: 0.9937 | Val Loss: 1.7164 | Val Acc: 0.7483
2025-11-20 11:35:29,951 - __main__ - INFO - Epoch [87/100] | Train Loss: 0.0180 | Train Acc: 0.9941 | Val Loss: 1.5741 | Val Acc: 0.7442
2025-11-20 11:35:59,606 - __main__ - INFO - Epoch [88/100] | Train Loss: 0.0179 | Train Acc: 0.9937 | Val Loss: 1.7101 | Val Acc: 0.7488
2025-11-20 11:36:29,093 - __main__ - INFO - Epoch [89/100] | Train Loss: 0.0183 | Train Acc: 0.9938 | Val Loss: 1.6596 | Val Acc: 0.7531 * BEST *
2025-11-20 11:36:58,625 - __main__ - INFO - Epoch [90/100] | Train Loss: 0.0187 | Train Acc: 0.9938 | Val Loss: 1.6746 | Val Acc: 0.7511
2025-11-20 11:37:28,451 - __main__ - INFO - Epoch [91/100] | Train Loss: 0.0191 | Train Acc: 0.9936 | Val Loss: 1.6238 | Val Acc: 0.7474
2025-11-20 11:37:58,795 - __main__ - INFO - Epoch [92/100] | Train Loss: 0.0176 | Train Acc: 0.9939 | Val Loss: 1.6235 | Val Acc: 0.7567 * BEST *
2025-11-20 11:38:28,781 - __main__ - INFO - Epoch [93/100] | Train Loss: 0.0187 | Train Acc: 0.9938 | Val Loss: 1.6001 | Val Acc: 0.7485
2025-11-20 11:38:59,041 - __main__ - INFO - Epoch [94/100] | Train Loss: 0.0174 | Train Acc: 0.9943 | Val Loss: 1.7056 | Val Acc: 0.7568 * BEST *
2025-11-20 11:39:28,979 - __main__ - INFO - Epoch [95/100] | Train Loss: 0.0169 | Train Acc: 0.9942 | Val Loss: 1.5296 | Val Acc: 0.7508
2025-11-20 11:39:59,469 - __main__ - INFO - Epoch [96/100] | Train Loss: 0.0180 | Train Acc: 0.9939 | Val Loss: 1.5175 | Val Acc: 0.7516
2025-11-20 11:40:29,216 - __main__ - INFO - Epoch [97/100] | Train Loss: 0.0182 | Train Acc: 0.9940 | Val Loss: 1.5987 | Val Acc: 0.7538
2025-11-20 11:40:59,482 - __main__ - INFO - Epoch [98/100] | Train Loss: 0.0182 | Train Acc: 0.9940 | Val Loss: 1.6027 | Val Acc: 0.7569 * BEST *
2025-11-20 11:41:29,590 - __main__ - INFO - Epoch [99/100] | Train Loss: 0.0176 | Train Acc: 0.9945 | Val Loss: 1.7568 | Val Acc: 0.7515
2025-11-20 11:41:59,316 - __main__ - INFO - Epoch [100/100] | Train Loss: 0.0178 | Train Acc: 0.9942 | Val Loss: 1.5489 | Val Acc: 0.7541
2025-11-20 11:41:59,317 - __main__ - INFO - Loaded best model state (validation accuracy: 0.7569)
2025-11-20 11:41:59,318 - __main__ - INFO - ======================================================================
2025-11-20 11:41:59,318 - __main__ - INFO - Final evaluation on validation set...
2025-11-20 11:41:59,318 - __main__ - INFO - ======================================================================
2025-11-20 11:42:00,276 - __main__ - INFO - Final Validation Loss: 1.2370
2025-11-20 11:42:00,276 - __main__ - INFO - Final Validation Accuracy: 0.7541
2025-11-20 11:42:00,276 - __main__ - INFO - ======================================================================
2025-11-20 11:42:00,276 - __main__ - INFO - Evaluating on held-out test set...
2025-11-20 11:42:00,276 - __main__ - INFO - ======================================================================
2025-11-20 11:42:01,278 - __main__ - INFO - Test Loss: 1.2720
2025-11-20 11:42:01,278 - __main__ - INFO - Test Accuracy: 0.7456
2025-11-20 11:42:01,278 - __main__ - INFO - 
Test Set Classification Report:
2025-11-20 11:42:01,302 - __main__ - INFO - 
              precision    recall  f1-score   support

         car       0.64      0.65      0.64      2096
construction       0.82      0.81      0.82      2917
       fence       0.43      0.25      0.32       360
   longboard       0.85      0.89      0.87      1191
manipulation       0.93      0.84      0.89      1722
   openclose       0.56      0.53      0.55       594
     regular       0.87      0.92      0.89       420
     running       0.74      0.68      0.71      1293
        walk       0.58      0.72      0.64      1272

    accuracy                           0.75     11865
   macro avg       0.71      0.70      0.70     11865
weighted avg       0.75      0.75      0.74     11865

2025-11-20 11:42:01,315 - __main__ - INFO - 
Test Set Confusion Matrix:
2025-11-20 11:42:01,315 - __main__ - INFO - 
[[1358  208   47   58   24   55   10  108  228]
 [ 264 2377   20   24   19   40    9   53  111]
 [ 119   29   90    2    2   11   21   12   74]
 [  31   28    7 1062    5    8    9   29   12]
 [  45   38    4   22 1455   44    0   26   88]
 [  49   49    7   34   30  317    2   41   65]
 [  12    4   11    1    0    0  386    0    6]
 [ 110   89    2   46   14   58    0  885   89]
 [ 149   83   23    7   17   34    6   37  916]]
2025-11-20 11:42:01,315 - __main__ - INFO - 
======================================================================
2025-11-20 11:42:01,315 - __main__ - INFO - Validation Set Classification Report (for comparison):
2025-11-20 11:42:01,315 - __main__ - INFO - ======================================================================
2025-11-20 11:42:01,337 - __main__ - INFO - 
              precision    recall  f1-score   support

         car       0.65      0.64      0.65      2096
construction       0.83      0.83      0.83      2917
       fence       0.44      0.26      0.33       360
   longboard       0.86      0.88      0.87      1191
manipulation       0.94      0.86      0.90      1723
   openclose       0.55      0.56      0.55       594
     regular       0.85      0.93      0.89       420
     running       0.74      0.69      0.72      1293
        walk       0.58      0.72      0.64      1271

    accuracy                           0.75     11865
   macro avg       0.72      0.71      0.71     11865
weighted avg       0.76      0.75      0.75     11865

2025-11-20 11:42:01,337 - __main__ - INFO - ======================================================================
2025-11-20 11:42:01,337 - __main__ - INFO - Plotting training history...
2025-11-20 11:42:01,337 - __main__ - INFO - ======================================================================
2025-11-20 11:42:01,740 - __main__ - INFO - Training history saved to 'training_history.png'
2025-11-20 11:42:01,740 - __main__ - INFO - ======================================================================
2025-11-20 11:42:01,740 - __main__ - INFO - Training Summary
2025-11-20 11:42:01,740 - __main__ - INFO - ======================================================================
2025-11-20 11:42:01,740 - __main__ - INFO - Total Epochs: 100
2025-11-20 11:42:01,740 - __main__ - INFO - Final Training Loss: 0.0178
2025-11-20 11:42:01,740 - __main__ - INFO - Final Training Accuracy: 0.9942
2025-11-20 11:42:01,740 - __main__ - INFO - Final Validation Loss: 1.5489
2025-11-20 11:42:01,740 - __main__ - INFO - Final Validation Accuracy: 0.7541
2025-11-20 11:42:01,740 - __main__ - INFO - Best Validation Accuracy: 0.7569 (Epoch 98)
2025-11-20 11:42:01,740 - __main__ - INFO - Test Accuracy: 0.7456
2025-11-20 11:42:01,740 - __main__ - INFO - ======================================================================
2025-11-20 11:42:01,740 - __main__ - INFO - Training completed successfully!
