2025-11-27 11:00:00,659 - __main__ - INFO - Random seed set to 42
2025-11-27 11:00:00,706 - __main__ - INFO - Using CUDA: NVIDIA GeForce RTX 2080 Ti
2025-11-27 11:00:00,706 - __main__ - INFO - ======================================================================
2025-11-27 11:00:00,706 - __main__ - INFO - Loading and preprocessing dataset...
2025-11-27 11:00:00,706 - __main__ - INFO - ======================================================================
2025-11-27 11:00:00,788 - data_loader - INFO - Parsing dataset for label [walk]...
2025-11-27 11:00:00,788 - data_loader - INFO - Parsing dataset for label [construction]...
2025-11-27 11:00:00,789 - data_loader - INFO - Parsing dataset for label [longboard]...
2025-11-27 11:00:00,789 - data_loader - INFO - Parsing dataset for label [regular]...
2025-11-27 11:00:00,789 - data_loader - INFO - Parsing dataset for label [car]...
2025-11-27 11:00:00,789 - data_loader - INFO - Parsing dataset for label [fence]...
2025-11-27 11:00:00,789 - data_loader - INFO - Processing file: /nobackup/carda/datasets/DAS-dataset/data/construction/reconstruction1_2023-06-06T150714+0100.h5
2025-11-27 11:00:00,789 - data_loader - INFO - Processing file: /nobackup/carda/datasets/DAS-dataset/data/walk/walking2_2023-04-17T122153+0100.h5
2025-11-27 11:00:00,789 - data_loader - INFO - Processing file: /nobackup/carda/datasets/DAS-dataset/data/longboard/longboard_2023-04-17T123543+0100.h5
2025-11-27 11:00:00,789 - data_loader - INFO - Parsing dataset for label [openclose]...
2025-11-27 11:00:00,789 - data_loader - INFO - Parsing dataset for label [running]...
2025-11-27 11:00:00,789 - data_loader - INFO - Processing file: /nobackup/carda/datasets/DAS-dataset/data/regular/regularshit_2023-04-17T130103+0100.h5
2025-11-27 11:00:00,789 - data_loader - INFO - Parsing dataset for label [manipulation]...
2025-11-27 11:00:00,789 - data_loader - INFO - Processing file: /nobackup/carda/datasets/DAS-dataset/data/fence/fence_2023-04-17T123117+0100.h5
2025-11-27 11:00:00,790 - data_loader - INFO - Processing file: /nobackup/carda/datasets/DAS-dataset/data/car/auto2_2023-04-17T124510+0100.h5
2025-11-27 11:00:00,790 - data_loader - INFO - Processing file: /nobackup/carda/datasets/DAS-dataset/data/openclose/openingclosing_2023-04-17T122658+0100.h5
2025-11-27 11:00:00,790 - data_loader - INFO - Processing file: /nobackup/carda/datasets/DAS-dataset/data/running/running_2023-04-17T122413+0100.h5
2025-11-27 11:00:00,790 - data_loader - INFO - Processing file: /nobackup/carda/datasets/DAS-dataset/data/manipulation/manipulation_2023-04-17T122847+0100.h5
2025-11-27 11:00:06,228 - data_loader - INFO - Processing file: /nobackup/carda/datasets/DAS-dataset/data/fence/kopani_plot_2023-11-07T150207Z.h5
2025-11-27 11:00:11,884 - data_loader - INFO - Processing file: /nobackup/carda/datasets/DAS-dataset/data/car/auto4_2023-06-06T144655+0100.h5
2025-11-27 11:00:13,053 - data_loader - WARNING - Total samples extracted for openclose: 6792
2025-11-27 11:00:19,322 - data_loader - INFO - Processing file: /nobackup/carda/datasets/DAS-dataset/data/longboard/longboardroad_2023-04-17T123638+0100.h5
2025-11-27 11:00:25,974 - data_loader - WARNING - Total samples extracted for manipulation: 17710
2025-11-27 11:00:29,489 - data_loader - INFO - Processing file: /nobackup/carda/datasets/DAS-dataset/data/fence/plot_2023-11-07T150119Z.h5
2025-11-27 11:00:29,980 - data_loader - INFO - Processing file: /nobackup/carda/datasets/DAS-dataset/data/car/auto4_2023-06-06T145055+0100.h5
2025-11-27 11:00:30,389 - data_loader - WARNING - Total samples extracted for longboard: 15367
2025-11-27 11:00:30,517 - data_loader - WARNING - Total samples extracted for running: 13877
2025-11-27 11:00:40,794 - data_loader - INFO - Processing file: /nobackup/carda/datasets/DAS-dataset/data/walk/walking_2023-04-17T121933+0100.h5
2025-11-27 11:00:42,899 - data_loader - WARNING - Total samples extracted for fence: 43981
2025-11-27 11:00:51,134 - data_loader - WARNING - Total samples extracted for walk: 19155
2025-11-27 11:00:56,199 - data_loader - WARNING - Total samples extracted for construction: 54832
2025-11-27 11:01:01,004 - data_loader - INFO - Processing file: /nobackup/carda/datasets/DAS-dataset/data/car/auto_2023-04-17T124152+0100.h5
2025-11-27 11:01:03,054 - data_loader - WARNING - Total samples extracted for regular: 4201
2025-11-27 11:01:06,059 - data_loader - WARNING - Total samples extracted for car: 58017
2025-11-27 11:01:12,088 - data_loader - INFO - Applying preprocessing transformation to dataset...
2025-11-27 11:01:13,548 - data_loader - INFO - Applying preprocessing function: <function fft at 0x7fad151e8900>
2025-11-27 11:01:39,594 - data_loader - INFO - Filtering out noisy samples...
2025-11-27 11:02:18,741 - data_loader - INFO - Encoding labels...
2025-11-27 11:02:18,791 - data_loader - WARNING - Sample counts per category: Counter({'construction': 29169, 'car': 20957, 'manipulation': 17223, 'running': 12927, 'walk': 12714, 'longboard': 11908, 'openclose': 5943, 'regular': 4201, 'fence': 3600})
/home/carda/projects/2026-ICMLCN-Siamese/venv/lib/python3.13/site-packages/sklearn/preprocessing/_label.py:110: DataConversionWarning: A column-vector y was passed when a 1d array was expected. Please change the shape of y to (n_samples, ), for example using ravel().
  y = column_or_1d(y, warn=True)
2025-11-27 11:02:18,871 - data_loader - WARNING - Computed class weights: [0.62902345 0.45193337 3.66179012 1.10702422 0.76539769 2.21814647
 3.13793012 1.01976054 1.03684477]
2025-11-27 11:02:18,930 - data_loader - WARNING - Label encoding complete: ['car' 'construction' 'fence' 'longboard' 'manipulation' 'openclose'
 'regular' 'running' 'walk']
2025-11-27 11:02:19,346 - __main__ - INFO - Dataset loaded: 118642 samples
2025-11-27 11:02:19,346 - __main__ - INFO - Feature shape: (118642, 2048)
2025-11-27 11:02:19,346 - __main__ - INFO - Label shape: (118642, 9)
2025-11-27 11:02:19,346 - __main__ - INFO - Number of classes: 9
2025-11-27 11:02:19,346 - __main__ - INFO - Class names: ['car' 'construction' 'fence' 'longboard' 'manipulation' 'openclose'
 'regular' 'running' 'walk']
2025-11-27 11:02:19,347 - __main__ - INFO - Class weights for handling imbalance: [0.62902343 0.45193338 3.6617901  1.1070242  0.76539767 2.2181466
 3.1379302  1.0197605  1.0368447 ]
2025-11-27 11:02:19,347 - __main__ - INFO - ======================================================================
2025-11-27 11:02:19,347 - __main__ - INFO - Splitting dataset into train, validation, and test sets...
2025-11-27 11:02:19,347 - __main__ - INFO - ======================================================================
2025-11-27 11:02:19,827 - __main__ - INFO - Training samples: 94912 (80.0%)
2025-11-27 11:02:19,827 - __main__ - INFO - Validation samples: 11865 (10.0%)
2025-11-27 11:02:19,827 - __main__ - INFO - Test samples: 11865 (10.0%)
2025-11-27 11:02:21,167 - __main__ - INFO - ======================================================================
2025-11-27 11:02:21,167 - __main__ - INFO - Initializing model...
2025-11-27 11:02:21,167 - __main__ - INFO - ======================================================================
2025-11-27 11:02:21,886 - __main__ - INFO - Model architecture:
2025-11-27 11:02:21,886 - __main__ - INFO - DASEventClassifier(
  (network): Sequential(
    (0): Conv1d(1, 64, kernel_size=(7,), stride=(1,))
    (1): BatchNorm1d(64, eps=1e-05, momentum=0.1, affine=True, track_running_stats=True)
    (2): LeakyReLU(negative_slope=0.01)
    (3): MaxPool1d(kernel_size=4, stride=4, padding=0, dilation=1, ceil_mode=False)
    (4): Dropout(p=0.5, inplace=False)
    (5): Conv1d(64, 256, kernel_size=(7,), stride=(1,))
    (6): BatchNorm1d(256, eps=1e-05, momentum=0.1, affine=True, track_running_stats=True)
    (7): LeakyReLU(negative_slope=0.01)
    (8): MaxPool1d(kernel_size=4, stride=4, padding=0, dilation=1, ceil_mode=False)
    (9): Dropout(p=0.5, inplace=False)
    (10): Flatten(start_dim=1, end_dim=-1)
    (11): Linear(in_features=32256, out_features=1024, bias=True)
    (12): Dropout(p=0.5, inplace=False)
    (13): Sigmoid()
    (14): Linear(in_features=1024, out_features=9, bias=True)
  )
)
2025-11-27 11:02:21,887 - __main__ - INFO - Total parameters: 33,156,489
2025-11-27 11:02:21,887 - __main__ - INFO - Trainable parameters: 33,156,489
2025-11-27 11:02:21,887 - __main__ - INFO - ======================================================================
2025-11-27 11:02:21,887 - __main__ - INFO - Starting training...
2025-11-27 11:02:21,887 - __main__ - INFO - ======================================================================
2025-11-27 11:02:21,889 - __main__ - INFO - Using class weights: [0.62902343 0.45193338 3.6617901  1.1070242  0.76539767 2.2181466
 3.1379302  1.0197605  1.0368447 ]
2025-11-27 11:02:22,682 - __main__ - INFO - Starting training for 200 epochs...
2025-11-27 11:02:22,682 - __main__ - INFO - Learning rate: 0.0001, Weight decay: 0.0001
2025-11-27 11:02:22,682 - __main__ - INFO - Early stopping patience: 25 epochs
2025-11-27 11:03:03,118 - __main__ - INFO - Epoch [1/200] | Train Loss: 1.8790 | Train Acc: 0.3147 | Val Loss: 1.5858 | Val Acc: 0.3906 * BEST *
2025-11-27 11:03:43,765 - __main__ - INFO - Epoch [2/200] | Train Loss: 1.5170 | Train Acc: 0.4177 | Val Loss: 1.4699 | Val Acc: 0.4489 * BEST *
2025-11-27 11:04:24,054 - __main__ - INFO - Epoch [3/200] | Train Loss: 1.3704 | Train Acc: 0.4520 | Val Loss: 1.3748 | Val Acc: 0.4786 * BEST *
2025-11-27 11:05:04,363 - __main__ - INFO - Epoch [4/200] | Train Loss: 1.3008 | Train Acc: 0.4693 | Val Loss: 1.3449 | Val Acc: 0.4922 * BEST *
2025-11-27 11:05:44,481 - __main__ - INFO - Epoch [5/200] | Train Loss: 1.2532 | Train Acc: 0.4819 | Val Loss: 1.3140 | Val Acc: 0.4931 * BEST *
2025-11-27 11:06:24,828 - __main__ - INFO - Epoch [6/200] | Train Loss: 1.2270 | Train Acc: 0.4904 | Val Loss: 1.3308 | Val Acc: 0.5203 * BEST *
2025-11-27 11:07:05,407 - __main__ - INFO - Epoch [7/200] | Train Loss: 1.2071 | Train Acc: 0.4975 | Val Loss: 1.2636 | Val Acc: 0.5274 * BEST *
2025-11-27 11:07:46,059 - __main__ - INFO - Epoch [8/200] | Train Loss: 1.1909 | Train Acc: 0.5032 | Val Loss: 1.2863 | Val Acc: 0.5337 * BEST *
2025-11-27 11:08:27,081 - __main__ - INFO - Epoch [9/200] | Train Loss: 1.1744 | Train Acc: 0.5112 | Val Loss: 1.2851 | Val Acc: 0.5434 * BEST *
2025-11-27 11:09:08,153 - __main__ - INFO - Epoch [10/200] | Train Loss: 1.1648 | Train Acc: 0.5172 | Val Loss: 1.3107 | Val Acc: 0.5346
2025-11-27 11:09:49,134 - __main__ - INFO - Epoch [11/200] | Train Loss: 1.1541 | Train Acc: 0.5225 | Val Loss: 1.2634 | Val Acc: 0.5436 * BEST *
2025-11-27 11:10:29,754 - __main__ - INFO - Epoch [12/200] | Train Loss: 1.1415 | Train Acc: 0.5293 | Val Loss: 1.2373 | Val Acc: 0.5514 * BEST *
2025-11-27 11:11:10,488 - __main__ - INFO - Epoch [13/200] | Train Loss: 1.1364 | Train Acc: 0.5350 | Val Loss: 1.2289 | Val Acc: 0.5365
2025-11-27 11:11:51,169 - __main__ - INFO - Epoch [14/200] | Train Loss: 1.1283 | Train Acc: 0.5402 | Val Loss: 1.2359 | Val Acc: 0.5690 * BEST *
2025-11-27 11:12:31,859 - __main__ - INFO - Epoch [15/200] | Train Loss: 1.1200 | Train Acc: 0.5466 | Val Loss: 1.1950 | Val Acc: 0.5810 * BEST *
2025-11-27 11:13:12,212 - __main__ - INFO - Epoch [16/200] | Train Loss: 1.1119 | Train Acc: 0.5536 | Val Loss: 1.2082 | Val Acc: 0.5745
2025-11-27 11:13:52,610 - __main__ - INFO - Epoch [17/200] | Train Loss: 1.0995 | Train Acc: 0.5604 | Val Loss: 1.1724 | Val Acc: 0.5861 * BEST *
2025-11-27 11:14:33,124 - __main__ - INFO - Epoch [18/200] | Train Loss: 1.0896 | Train Acc: 0.5659 | Val Loss: 1.1815 | Val Acc: 0.6021 * BEST *
2025-11-27 11:15:13,606 - __main__ - INFO - Epoch [19/200] | Train Loss: 1.0822 | Train Acc: 0.5726 | Val Loss: 1.1742 | Val Acc: 0.6065 * BEST *
2025-11-27 11:15:54,787 - __main__ - INFO - Epoch [20/200] | Train Loss: 1.0721 | Train Acc: 0.5786 | Val Loss: 1.1554 | Val Acc: 0.6024
2025-11-27 11:16:36,055 - __main__ - INFO - Epoch [21/200] | Train Loss: 1.0669 | Train Acc: 0.5817 | Val Loss: 1.1362 | Val Acc: 0.6147 * BEST *
2025-11-27 11:17:17,326 - __main__ - INFO - Epoch [22/200] | Train Loss: 1.0612 | Train Acc: 0.5863 | Val Loss: 1.1398 | Val Acc: 0.6018
2025-11-27 11:17:58,514 - __main__ - INFO - Epoch [23/200] | Train Loss: 1.0508 | Train Acc: 0.5901 | Val Loss: 1.1577 | Val Acc: 0.6172 * BEST *
2025-11-27 11:18:39,909 - __main__ - INFO - Epoch [24/200] | Train Loss: 1.0441 | Train Acc: 0.5955 | Val Loss: 1.1217 | Val Acc: 0.6116
2025-11-27 11:19:20,751 - __main__ - INFO - Epoch [25/200] | Train Loss: 1.0401 | Train Acc: 0.5977 | Val Loss: 1.1410 | Val Acc: 0.6169
2025-11-27 11:20:01,327 - __main__ - INFO - Epoch [26/200] | Train Loss: 1.0356 | Train Acc: 0.6001 | Val Loss: 1.1044 | Val Acc: 0.6233 * BEST *
2025-11-27 11:20:41,893 - __main__ - INFO - Epoch [27/200] | Train Loss: 1.0281 | Train Acc: 0.6032 | Val Loss: 1.1123 | Val Acc: 0.6213
2025-11-27 11:21:22,202 - __main__ - INFO - Epoch [28/200] | Train Loss: 1.0192 | Train Acc: 0.6075 | Val Loss: 1.1506 | Val Acc: 0.6191
2025-11-27 11:22:02,708 - __main__ - INFO - Epoch [29/200] | Train Loss: 1.0181 | Train Acc: 0.6070 | Val Loss: 1.1023 | Val Acc: 0.6342 * BEST *
2025-11-27 11:22:43,084 - __main__ - INFO - Epoch [30/200] | Train Loss: 1.0107 | Train Acc: 0.6112 | Val Loss: 1.1212 | Val Acc: 0.6312
2025-11-27 11:23:24,224 - __main__ - INFO - Epoch [31/200] | Train Loss: 1.0045 | Train Acc: 0.6134 | Val Loss: 1.0723 | Val Acc: 0.6380 * BEST *
2025-11-27 11:24:05,327 - __main__ - INFO - Epoch [32/200] | Train Loss: 1.0013 | Train Acc: 0.6142 | Val Loss: 1.1033 | Val Acc: 0.6211
2025-11-27 11:24:46,645 - __main__ - INFO - Epoch [33/200] | Train Loss: 0.9950 | Train Acc: 0.6171 | Val Loss: 1.0752 | Val Acc: 0.6406 * BEST *
2025-11-27 11:25:27,879 - __main__ - INFO - Epoch [34/200] | Train Loss: 0.9884 | Train Acc: 0.6213 | Val Loss: 1.0787 | Val Acc: 0.6378
2025-11-27 11:26:09,362 - __main__ - INFO - Epoch [35/200] | Train Loss: 0.9812 | Train Acc: 0.6237 | Val Loss: 1.0707 | Val Acc: 0.6425 * BEST *
2025-11-27 11:26:50,246 - __main__ - INFO - Epoch [36/200] | Train Loss: 0.9789 | Train Acc: 0.6248 | Val Loss: 1.0962 | Val Acc: 0.6254
2025-11-27 11:27:31,013 - __main__ - INFO - Epoch [37/200] | Train Loss: 0.9741 | Train Acc: 0.6254 | Val Loss: 1.1124 | Val Acc: 0.6345
2025-11-27 11:28:11,590 - __main__ - INFO - Epoch [38/200] | Train Loss: 0.9665 | Train Acc: 0.6271 | Val Loss: 1.0873 | Val Acc: 0.6373
2025-11-27 11:28:52,137 - __main__ - INFO - Epoch [39/200] | Train Loss: 0.9671 | Train Acc: 0.6290 | Val Loss: 1.0446 | Val Acc: 0.6379
2025-11-27 11:29:32,777 - __main__ - INFO - Epoch [40/200] | Train Loss: 0.9579 | Train Acc: 0.6318 | Val Loss: 1.0432 | Val Acc: 0.6496 * BEST *
2025-11-27 11:30:12,712 - __main__ - INFO - Epoch [41/200] | Train Loss: 0.9538 | Train Acc: 0.6348 | Val Loss: 1.0709 | Val Acc: 0.6475
2025-11-27 11:30:53,236 - __main__ - INFO - Epoch [42/200] | Train Loss: 0.9466 | Train Acc: 0.6355 | Val Loss: 1.0580 | Val Acc: 0.6482
2025-11-27 11:31:33,493 - __main__ - INFO - Epoch [43/200] | Train Loss: 0.9416 | Train Acc: 0.6372 | Val Loss: 1.0449 | Val Acc: 0.6520 * BEST *
2025-11-27 11:32:13,851 - __main__ - INFO - Epoch [44/200] | Train Loss: 0.9380 | Train Acc: 0.6396 | Val Loss: 1.0283 | Val Acc: 0.6609 * BEST *
2025-11-27 11:32:54,491 - __main__ - INFO - Epoch [45/200] | Train Loss: 0.9310 | Train Acc: 0.6417 | Val Loss: 1.0340 | Val Acc: 0.6558
2025-11-27 11:33:35,217 - __main__ - INFO - Epoch [46/200] | Train Loss: 0.9287 | Train Acc: 0.6439 | Val Loss: 1.0155 | Val Acc: 0.6497
2025-11-27 11:34:16,005 - __main__ - INFO - Epoch [47/200] | Train Loss: 0.9226 | Train Acc: 0.6439 | Val Loss: 1.0267 | Val Acc: 0.6530
2025-11-27 11:34:56,515 - __main__ - INFO - Epoch [48/200] | Train Loss: 0.9183 | Train Acc: 0.6461 | Val Loss: 1.0272 | Val Acc: 0.6613 * BEST *
2025-11-27 11:35:36,712 - __main__ - INFO - Epoch [49/200] | Train Loss: 0.9162 | Train Acc: 0.6489 | Val Loss: 1.0112 | Val Acc: 0.6624 * BEST *
2025-11-27 11:36:17,272 - __main__ - INFO - Epoch [50/200] | Train Loss: 0.9095 | Train Acc: 0.6501 | Val Loss: 1.0562 | Val Acc: 0.6512
2025-11-27 11:36:57,399 - __main__ - INFO - Epoch [51/200] | Train Loss: 0.9058 | Train Acc: 0.6495 | Val Loss: 1.0013 | Val Acc: 0.6693 * BEST *
2025-11-27 11:37:37,333 - __main__ - INFO - Epoch [52/200] | Train Loss: 0.9013 | Train Acc: 0.6511 | Val Loss: 0.9934 | Val Acc: 0.6609
2025-11-27 11:38:17,318 - __main__ - INFO - Epoch [53/200] | Train Loss: 0.8954 | Train Acc: 0.6546 | Val Loss: 0.9970 | Val Acc: 0.6618
2025-11-27 11:38:57,043 - __main__ - INFO - Epoch [54/200] | Train Loss: 0.8944 | Train Acc: 0.6558 | Val Loss: 0.9942 | Val Acc: 0.6632
2025-11-27 11:39:36,747 - __main__ - INFO - Epoch [55/200] | Train Loss: 0.8855 | Train Acc: 0.6578 | Val Loss: 1.0029 | Val Acc: 0.6535
2025-11-27 11:40:16,477 - __main__ - INFO - Epoch [56/200] | Train Loss: 0.8793 | Train Acc: 0.6605 | Val Loss: 0.9994 | Val Acc: 0.6727 * BEST *
2025-11-27 11:40:56,539 - __main__ - INFO - Epoch [57/200] | Train Loss: 0.8798 | Train Acc: 0.6592 | Val Loss: 0.9955 | Val Acc: 0.6650
2025-11-27 11:41:36,615 - __main__ - INFO - Epoch [58/200] | Train Loss: 0.8709 | Train Acc: 0.6625 | Val Loss: 0.9869 | Val Acc: 0.6688
2025-11-27 11:42:16,287 - __main__ - INFO - Epoch [59/200] | Train Loss: 0.8682 | Train Acc: 0.6625 | Val Loss: 0.9964 | Val Acc: 0.6760 * BEST *
2025-11-27 11:42:56,269 - __main__ - INFO - Epoch [60/200] | Train Loss: 0.8608 | Train Acc: 0.6647 | Val Loss: 1.0149 | Val Acc: 0.6644
2025-11-27 11:43:36,126 - __main__ - INFO - Epoch [61/200] | Train Loss: 0.8555 | Train Acc: 0.6685 | Val Loss: 0.9577 | Val Acc: 0.6761 * BEST *
2025-11-27 11:44:15,861 - __main__ - INFO - Epoch [62/200] | Train Loss: 0.8532 | Train Acc: 0.6693 | Val Loss: 0.9449 | Val Acc: 0.6666
2025-11-27 11:44:55,428 - __main__ - INFO - Epoch [63/200] | Train Loss: 0.8521 | Train Acc: 0.6689 | Val Loss: 1.0058 | Val Acc: 0.6647
2025-11-27 11:45:35,075 - __main__ - INFO - Epoch [64/200] | Train Loss: 0.8446 | Train Acc: 0.6710 | Val Loss: 0.9600 | Val Acc: 0.6819 * BEST *
2025-11-27 11:46:14,863 - __main__ - INFO - Epoch [65/200] | Train Loss: 0.8363 | Train Acc: 0.6723 | Val Loss: 0.9588 | Val Acc: 0.6831 * BEST *
2025-11-27 11:46:54,058 - __main__ - INFO - Epoch [66/200] | Train Loss: 0.8364 | Train Acc: 0.6723 | Val Loss: 0.9624 | Val Acc: 0.6807
2025-11-27 11:47:33,700 - __main__ - INFO - Epoch [67/200] | Train Loss: 0.8298 | Train Acc: 0.6766 | Val Loss: 0.9551 | Val Acc: 0.6693
2025-11-27 11:48:13,330 - __main__ - INFO - Epoch [68/200] | Train Loss: 0.8266 | Train Acc: 0.6774 | Val Loss: 0.9591 | Val Acc: 0.6741
2025-11-27 11:48:53,063 - __main__ - INFO - Epoch [69/200] | Train Loss: 0.8226 | Train Acc: 0.6770 | Val Loss: 0.9674 | Val Acc: 0.6740
2025-11-27 11:49:32,955 - __main__ - INFO - Epoch [70/200] | Train Loss: 0.8157 | Train Acc: 0.6792 | Val Loss: 0.9444 | Val Acc: 0.6929 * BEST *
2025-11-27 11:50:13,232 - __main__ - INFO - Epoch [71/200] | Train Loss: 0.8150 | Train Acc: 0.6819 | Val Loss: 0.9266 | Val Acc: 0.6815
2025-11-27 11:50:53,341 - __main__ - INFO - Epoch [72/200] | Train Loss: 0.8053 | Train Acc: 0.6833 | Val Loss: 0.9299 | Val Acc: 0.6968 * BEST *
2025-11-27 11:51:32,630 - __main__ - INFO - Epoch [73/200] | Train Loss: 0.8076 | Train Acc: 0.6838 | Val Loss: 0.9099 | Val Acc: 0.6934
2025-11-27 11:52:12,481 - __main__ - INFO - Epoch [74/200] | Train Loss: 0.8033 | Train Acc: 0.6837 | Val Loss: 0.9239 | Val Acc: 0.6928
2025-11-27 11:52:52,192 - __main__ - INFO - Epoch [75/200] | Train Loss: 0.7953 | Train Acc: 0.6850 | Val Loss: 0.9613 | Val Acc: 0.6796
2025-11-27 11:53:31,962 - __main__ - INFO - Epoch [76/200] | Train Loss: 0.7900 | Train Acc: 0.6890 | Val Loss: 0.9374 | Val Acc: 0.6917
2025-11-27 11:54:11,184 - __main__ - INFO - Epoch [77/200] | Train Loss: 0.7865 | Train Acc: 0.6907 | Val Loss: 0.9336 | Val Acc: 0.6924
2025-11-27 11:54:50,774 - __main__ - INFO - Epoch [78/200] | Train Loss: 0.7831 | Train Acc: 0.6904 | Val Loss: 0.9373 | Val Acc: 0.6961
2025-11-27 11:55:30,511 - __main__ - INFO - Epoch [79/200] | Train Loss: 0.7819 | Train Acc: 0.6910 | Val Loss: 0.9401 | Val Acc: 0.6851
2025-11-27 11:56:09,944 - __main__ - INFO - Epoch [80/200] | Train Loss: 0.7795 | Train Acc: 0.6927 | Val Loss: 0.9067 | Val Acc: 0.6994 * BEST *
2025-11-27 11:56:49,740 - __main__ - INFO - Epoch [81/200] | Train Loss: 0.7711 | Train Acc: 0.6925 | Val Loss: 0.9192 | Val Acc: 0.6877
2025-11-27 11:57:29,960 - __main__ - INFO - Epoch [82/200] | Train Loss: 0.7657 | Train Acc: 0.6965 | Val Loss: 0.9143 | Val Acc: 0.6945
2025-11-27 11:58:10,036 - __main__ - INFO - Epoch [83/200] | Train Loss: 0.7629 | Train Acc: 0.6963 | Val Loss: 0.9409 | Val Acc: 0.6898
2025-11-27 11:58:49,830 - __main__ - INFO - Epoch [84/200] | Train Loss: 0.7634 | Train Acc: 0.6979 | Val Loss: 0.9402 | Val Acc: 0.6937
2025-11-27 11:59:30,069 - __main__ - INFO - Epoch [85/200] | Train Loss: 0.7552 | Train Acc: 0.6998 | Val Loss: 0.9177 | Val Acc: 0.6906
2025-11-27 12:00:10,188 - __main__ - INFO - Epoch [86/200] | Train Loss: 0.7545 | Train Acc: 0.7002 | Val Loss: 0.8902 | Val Acc: 0.6905
2025-11-27 12:00:49,904 - __main__ - INFO - Epoch [87/200] | Train Loss: 0.7496 | Train Acc: 0.7013 | Val Loss: 0.9204 | Val Acc: 0.6899
2025-11-27 12:01:29,598 - __main__ - INFO - Epoch [88/200] | Train Loss: 0.7461 | Train Acc: 0.7031 | Val Loss: 0.9288 | Val Acc: 0.6979
2025-11-27 12:02:09,514 - __main__ - INFO - Epoch [89/200] | Train Loss: 0.7403 | Train Acc: 0.7045 | Val Loss: 0.8999 | Val Acc: 0.7027 * BEST *
2025-11-27 12:02:49,475 - __main__ - INFO - Epoch [90/200] | Train Loss: 0.7370 | Train Acc: 0.7043 | Val Loss: 0.9173 | Val Acc: 0.7025
2025-11-27 12:03:28,680 - __main__ - INFO - Epoch [91/200] | Train Loss: 0.7332 | Train Acc: 0.7066 | Val Loss: 0.9161 | Val Acc: 0.6968
2025-11-27 12:04:08,481 - __main__ - INFO - Epoch [92/200] | Train Loss: 0.7289 | Train Acc: 0.7066 | Val Loss: 0.8750 | Val Acc: 0.7001
2025-11-27 12:04:48,738 - __main__ - INFO - Epoch [93/200] | Train Loss: 0.7265 | Train Acc: 0.7081 | Val Loss: 0.8911 | Val Acc: 0.7090 * BEST *
2025-11-27 12:05:28,715 - __main__ - INFO - Epoch [94/200] | Train Loss: 0.7181 | Train Acc: 0.7105 | Val Loss: 0.8982 | Val Acc: 0.6989
2025-11-27 12:06:08,571 - __main__ - INFO - Epoch [95/200] | Train Loss: 0.7162 | Train Acc: 0.7123 | Val Loss: 0.9427 | Val Acc: 0.6887
2025-11-27 12:06:48,802 - __main__ - INFO - Epoch [96/200] | Train Loss: 0.7169 | Train Acc: 0.7129 | Val Loss: 0.8987 | Val Acc: 0.6973
2025-11-27 12:07:28,912 - __main__ - INFO - Epoch [97/200] | Train Loss: 0.7110 | Train Acc: 0.7131 | Val Loss: 0.9166 | Val Acc: 0.7034
2025-11-27 12:08:08,626 - __main__ - INFO - Epoch [98/200] | Train Loss: 0.7082 | Train Acc: 0.7130 | Val Loss: 0.9034 | Val Acc: 0.6902
2025-11-27 12:08:48,726 - __main__ - INFO - Epoch [99/200] | Train Loss: 0.7079 | Train Acc: 0.7140 | Val Loss: 0.9025 | Val Acc: 0.7086
2025-11-27 12:09:28,818 - __main__ - INFO - Epoch [100/200] | Train Loss: 0.6991 | Train Acc: 0.7158 | Val Loss: 0.8838 | Val Acc: 0.7132 * BEST *
2025-11-27 12:10:08,867 - __main__ - INFO - Epoch [101/200] | Train Loss: 0.6961 | Train Acc: 0.7181 | Val Loss: 0.9451 | Val Acc: 0.6972
2025-11-27 12:10:48,446 - __main__ - INFO - Epoch [102/200] | Train Loss: 0.6931 | Train Acc: 0.7200 | Val Loss: 0.9236 | Val Acc: 0.6989
2025-11-27 12:11:28,422 - __main__ - INFO - Epoch [103/200] | Train Loss: 0.6890 | Train Acc: 0.7207 | Val Loss: 0.9078 | Val Acc: 0.7014
2025-11-27 12:12:08,488 - __main__ - INFO - Epoch [104/200] | Train Loss: 0.6829 | Train Acc: 0.7226 | Val Loss: 0.8657 | Val Acc: 0.7113
2025-11-27 12:12:48,385 - __main__ - INFO - Epoch [105/200] | Train Loss: 0.6839 | Train Acc: 0.7208 | Val Loss: 0.8629 | Val Acc: 0.7116
2025-11-27 12:13:28,459 - __main__ - INFO - Epoch [106/200] | Train Loss: 0.6768 | Train Acc: 0.7243 | Val Loss: 0.9092 | Val Acc: 0.6901
2025-11-27 12:14:08,930 - __main__ - INFO - Epoch [107/200] | Train Loss: 0.6761 | Train Acc: 0.7245 | Val Loss: 0.8996 | Val Acc: 0.7015
2025-11-27 12:14:49,903 - __main__ - INFO - Epoch [108/200] | Train Loss: 0.6683 | Train Acc: 0.7265 | Val Loss: 0.8858 | Val Acc: 0.7026
2025-11-27 12:15:30,785 - __main__ - INFO - Epoch [109/200] | Train Loss: 0.6648 | Train Acc: 0.7283 | Val Loss: 0.8701 | Val Acc: 0.7100
2025-11-27 12:16:11,952 - __main__ - INFO - Epoch [110/200] | Train Loss: 0.6672 | Train Acc: 0.7263 | Val Loss: 0.9182 | Val Acc: 0.6988
2025-11-27 12:16:52,876 - __main__ - INFO - Epoch [111/200] | Train Loss: 0.6621 | Train Acc: 0.7300 | Val Loss: 0.8942 | Val Acc: 0.7027
2025-11-27 12:17:33,159 - __main__ - INFO - Epoch [112/200] | Train Loss: 0.6641 | Train Acc: 0.7281 | Val Loss: 0.8656 | Val Acc: 0.7043
2025-11-27 12:18:13,193 - __main__ - INFO - Epoch [113/200] | Train Loss: 0.6559 | Train Acc: 0.7318 | Val Loss: 0.8784 | Val Acc: 0.7032
2025-11-27 12:18:53,663 - __main__ - INFO - Epoch [114/200] | Train Loss: 0.6553 | Train Acc: 0.7295 | Val Loss: 0.8956 | Val Acc: 0.6991
2025-11-27 12:19:34,049 - __main__ - INFO - Epoch [115/200] | Train Loss: 0.6488 | Train Acc: 0.7324 | Val Loss: 0.8789 | Val Acc: 0.7076
2025-11-27 12:20:14,002 - __main__ - INFO - Epoch [116/200] | Train Loss: 0.6427 | Train Acc: 0.7340 | Val Loss: 0.8857 | Val Acc: 0.7146 * BEST *
2025-11-27 12:20:54,178 - __main__ - INFO - Epoch [117/200] | Train Loss: 0.6449 | Train Acc: 0.7331 | Val Loss: 0.8762 | Val Acc: 0.7033
2025-11-27 12:21:34,347 - __main__ - INFO - Epoch [118/200] | Train Loss: 0.6411 | Train Acc: 0.7356 | Val Loss: 0.8543 | Val Acc: 0.7167 * BEST *
2025-11-27 12:22:14,736 - __main__ - INFO - Epoch [119/200] | Train Loss: 0.6374 | Train Acc: 0.7362 | Val Loss: 0.9180 | Val Acc: 0.7030
2025-11-27 12:22:55,403 - __main__ - INFO - Epoch [120/200] | Train Loss: 0.6368 | Train Acc: 0.7369 | Val Loss: 0.8504 | Val Acc: 0.7071
2025-11-27 12:23:36,383 - __main__ - INFO - Epoch [121/200] | Train Loss: 0.6333 | Train Acc: 0.7377 | Val Loss: 0.8581 | Val Acc: 0.7141
2025-11-27 12:24:17,348 - __main__ - INFO - Epoch [122/200] | Train Loss: 0.6264 | Train Acc: 0.7400 | Val Loss: 0.8711 | Val Acc: 0.7082
2025-11-27 12:24:58,188 - __main__ - INFO - Epoch [123/200] | Train Loss: 0.6258 | Train Acc: 0.7408 | Val Loss: 0.8954 | Val Acc: 0.7082
2025-11-27 12:25:38,847 - __main__ - INFO - Epoch [124/200] | Train Loss: 0.6258 | Train Acc: 0.7419 | Val Loss: 0.8649 | Val Acc: 0.7161
2025-11-27 12:26:19,026 - __main__ - INFO - Epoch [125/200] | Train Loss: 0.6240 | Train Acc: 0.7424 | Val Loss: 0.8497 | Val Acc: 0.7183 * BEST *
2025-11-27 12:26:59,675 - __main__ - INFO - Epoch [126/200] | Train Loss: 0.6181 | Train Acc: 0.7452 | Val Loss: 0.9054 | Val Acc: 0.7075
2025-11-27 12:27:39,556 - __main__ - INFO - Epoch [127/200] | Train Loss: 0.6184 | Train Acc: 0.7432 | Val Loss: 0.8795 | Val Acc: 0.7064
2025-11-27 12:28:19,894 - __main__ - INFO - Epoch [128/200] | Train Loss: 0.6111 | Train Acc: 0.7448 | Val Loss: 0.8730 | Val Acc: 0.7161
2025-11-27 12:29:00,222 - __main__ - INFO - Epoch [129/200] | Train Loss: 0.6124 | Train Acc: 0.7455 | Val Loss: 0.8940 | Val Acc: 0.7111
2025-11-27 12:29:40,700 - __main__ - INFO - Epoch [130/200] | Train Loss: 0.6126 | Train Acc: 0.7448 | Val Loss: 0.8933 | Val Acc: 0.7043
2025-11-27 12:30:21,493 - __main__ - INFO - Epoch [131/200] | Train Loss: 0.6101 | Train Acc: 0.7459 | Val Loss: 0.8678 | Val Acc: 0.7160
2025-11-27 12:31:02,729 - __main__ - INFO - Epoch [132/200] | Train Loss: 0.6046 | Train Acc: 0.7461 | Val Loss: 0.8631 | Val Acc: 0.7159
2025-11-27 12:31:43,792 - __main__ - INFO - Epoch [133/200] | Train Loss: 0.6028 | Train Acc: 0.7497 | Val Loss: 0.8827 | Val Acc: 0.7054
2025-11-27 12:32:25,148 - __main__ - INFO - Epoch [134/200] | Train Loss: 0.6008 | Train Acc: 0.7489 | Val Loss: 0.8833 | Val Acc: 0.7127
2025-11-27 12:33:06,666 - __main__ - INFO - Epoch [135/200] | Train Loss: 0.5950 | Train Acc: 0.7510 | Val Loss: 0.8697 | Val Acc: 0.7149
2025-11-27 12:33:48,100 - __main__ - INFO - Epoch [136/200] | Train Loss: 0.5931 | Train Acc: 0.7512 | Val Loss: 0.8858 | Val Acc: 0.7178
2025-11-27 12:34:29,426 - __main__ - INFO - Epoch [137/200] | Train Loss: 0.5961 | Train Acc: 0.7509 | Val Loss: 0.8811 | Val Acc: 0.7120
2025-11-27 12:35:10,566 - __main__ - INFO - Epoch [138/200] | Train Loss: 0.5900 | Train Acc: 0.7519 | Val Loss: 0.9240 | Val Acc: 0.7033
2025-11-27 12:35:52,510 - __main__ - INFO - Epoch [139/200] | Train Loss: 0.5868 | Train Acc: 0.7528 | Val Loss: 0.9128 | Val Acc: 0.7097
2025-11-27 12:36:34,528 - __main__ - INFO - Epoch [140/200] | Train Loss: 0.5874 | Train Acc: 0.7532 | Val Loss: 0.8970 | Val Acc: 0.7192 * BEST *
2025-11-27 12:37:16,504 - __main__ - INFO - Epoch [141/200] | Train Loss: 0.5808 | Train Acc: 0.7556 | Val Loss: 0.8495 | Val Acc: 0.7220 * BEST *
2025-11-27 12:37:58,910 - __main__ - INFO - Epoch [142/200] | Train Loss: 0.5815 | Train Acc: 0.7553 | Val Loss: 0.9116 | Val Acc: 0.7047
2025-11-27 12:38:41,981 - __main__ - INFO - Epoch [143/200] | Train Loss: 0.5800 | Train Acc: 0.7561 | Val Loss: 0.9109 | Val Acc: 0.7134
2025-11-27 12:39:25,343 - __main__ - INFO - Epoch [144/200] | Train Loss: 0.5805 | Train Acc: 0.7563 | Val Loss: 0.8586 | Val Acc: 0.7185
2025-11-27 12:40:08,472 - __main__ - INFO - Epoch [145/200] | Train Loss: 0.5717 | Train Acc: 0.7582 | Val Loss: 0.9125 | Val Acc: 0.7144
2025-11-27 12:40:51,811 - __main__ - INFO - Epoch [146/200] | Train Loss: 0.5721 | Train Acc: 0.7586 | Val Loss: 0.8868 | Val Acc: 0.7112
2025-11-27 12:41:35,145 - __main__ - INFO - Epoch [147/200] | Train Loss: 0.5722 | Train Acc: 0.7584 | Val Loss: 0.9085 | Val Acc: 0.7200
2025-11-27 12:42:30,356 - __main__ - INFO - Epoch [148/200] | Train Loss: 0.5719 | Train Acc: 0.7604 | Val Loss: 0.8991 | Val Acc: 0.7088
2025-11-27 12:43:33,636 - __main__ - INFO - Epoch [149/200] | Train Loss: 0.5668 | Train Acc: 0.7603 | Val Loss: 0.8761 | Val Acc: 0.7177
2025-11-27 12:44:36,151 - __main__ - INFO - Epoch [150/200] | Train Loss: 0.5683 | Train Acc: 0.7616 | Val Loss: 0.8899 | Val Acc: 0.7103
2025-11-27 12:45:39,466 - __main__ - INFO - Epoch [151/200] | Train Loss: 0.5623 | Train Acc: 0.7609 | Val Loss: 0.8534 | Val Acc: 0.7226 * BEST *
2025-11-27 12:46:43,163 - __main__ - INFO - Epoch [152/200] | Train Loss: 0.5598 | Train Acc: 0.7626 | Val Loss: 0.8698 | Val Acc: 0.7134
2025-11-27 12:47:46,297 - __main__ - INFO - Epoch [153/200] | Train Loss: 0.5594 | Train Acc: 0.7627 | Val Loss: 0.9272 | Val Acc: 0.7132
2025-11-27 12:48:51,872 - __main__ - INFO - Epoch [154/200] | Train Loss: 0.5567 | Train Acc: 0.7633 | Val Loss: 0.8848 | Val Acc: 0.7221
2025-11-27 12:49:57,310 - __main__ - INFO - Epoch [155/200] | Train Loss: 0.5527 | Train Acc: 0.7646 | Val Loss: 0.8951 | Val Acc: 0.7116
2025-11-27 12:51:01,280 - __main__ - INFO - Epoch [156/200] | Train Loss: 0.5507 | Train Acc: 0.7655 | Val Loss: 0.8979 | Val Acc: 0.7095
2025-11-27 12:52:04,758 - __main__ - INFO - Epoch [157/200] | Train Loss: 0.5505 | Train Acc: 0.7669 | Val Loss: 0.8901 | Val Acc: 0.7183
2025-11-27 12:53:07,134 - __main__ - INFO - Epoch [158/200] | Train Loss: 0.5458 | Train Acc: 0.7679 | Val Loss: 0.8598 | Val Acc: 0.7164
2025-11-27 12:54:10,647 - __main__ - INFO - Epoch [159/200] | Train Loss: 0.5447 | Train Acc: 0.7666 | Val Loss: 0.8655 | Val Acc: 0.7266 * BEST *
2025-11-27 12:55:14,722 - __main__ - INFO - Epoch [160/200] | Train Loss: 0.5425 | Train Acc: 0.7689 | Val Loss: 0.8733 | Val Acc: 0.7246
2025-11-27 12:56:19,777 - __main__ - INFO - Epoch [161/200] | Train Loss: 0.5418 | Train Acc: 0.7708 | Val Loss: 0.8973 | Val Acc: 0.7176
2025-11-27 12:57:24,602 - __main__ - INFO - Epoch [162/200] | Train Loss: 0.5425 | Train Acc: 0.7684 | Val Loss: 0.8928 | Val Acc: 0.7178
2025-11-27 12:58:28,203 - __main__ - INFO - Epoch [163/200] | Train Loss: 0.5392 | Train Acc: 0.7708 | Val Loss: 0.8888 | Val Acc: 0.7109
2025-11-27 12:59:32,540 - __main__ - INFO - Epoch [164/200] | Train Loss: 0.5398 | Train Acc: 0.7706 | Val Loss: 0.8697 | Val Acc: 0.7249
2025-11-27 13:00:36,099 - __main__ - INFO - Epoch [165/200] | Train Loss: 0.5399 | Train Acc: 0.7701 | Val Loss: 0.8679 | Val Acc: 0.7303 * BEST *
2025-11-27 13:01:38,888 - __main__ - INFO - Epoch [166/200] | Train Loss: 0.5337 | Train Acc: 0.7727 | Val Loss: 0.8695 | Val Acc: 0.7322 * BEST *
2025-11-27 13:02:42,270 - __main__ - INFO - Epoch [167/200] | Train Loss: 0.5361 | Train Acc: 0.7714 | Val Loss: 0.8368 | Val Acc: 0.7240
2025-11-27 13:03:44,904 - __main__ - INFO - Epoch [168/200] | Train Loss: 0.5298 | Train Acc: 0.7731 | Val Loss: 0.8438 | Val Acc: 0.7284
2025-11-27 13:04:49,214 - __main__ - INFO - Epoch [169/200] | Train Loss: 0.5287 | Train Acc: 0.7739 | Val Loss: 0.8756 | Val Acc: 0.7225
2025-11-27 13:05:54,325 - __main__ - INFO - Epoch [170/200] | Train Loss: 0.5316 | Train Acc: 0.7730 | Val Loss: 0.8595 | Val Acc: 0.7339 * BEST *
2025-11-27 13:06:58,927 - __main__ - INFO - Epoch [171/200] | Train Loss: 0.5250 | Train Acc: 0.7754 | Val Loss: 0.9078 | Val Acc: 0.7192
2025-11-27 13:08:02,914 - __main__ - INFO - Epoch [172/200] | Train Loss: 0.5269 | Train Acc: 0.7749 | Val Loss: 0.8418 | Val Acc: 0.7353 * BEST *
2025-11-27 13:08:57,983 - __main__ - INFO - Epoch [173/200] | Train Loss: 0.5250 | Train Acc: 0.7750 | Val Loss: 0.8816 | Val Acc: 0.7265
2025-11-27 13:09:45,500 - __main__ - INFO - Epoch [174/200] | Train Loss: 0.5235 | Train Acc: 0.7758 | Val Loss: 0.8881 | Val Acc: 0.7205
2025-11-27 13:10:53,639 - __main__ - INFO - Epoch [175/200] | Train Loss: 0.5216 | Train Acc: 0.7763 | Val Loss: 0.9075 | Val Acc: 0.7284
2025-11-27 13:12:03,205 - __main__ - INFO - Epoch [176/200] | Train Loss: 0.5216 | Train Acc: 0.7767 | Val Loss: 0.8619 | Val Acc: 0.7286
2025-11-27 13:13:13,707 - __main__ - INFO - Epoch [177/200] | Train Loss: 0.5207 | Train Acc: 0.7755 | Val Loss: 0.9063 | Val Acc: 0.7249
2025-11-27 13:14:23,994 - __main__ - INFO - Epoch [178/200] | Train Loss: 0.5187 | Train Acc: 0.7771 | Val Loss: 0.9108 | Val Acc: 0.7204
2025-11-27 13:15:34,492 - __main__ - INFO - Epoch [179/200] | Train Loss: 0.5179 | Train Acc: 0.7774 | Val Loss: 0.8900 | Val Acc: 0.7229
2025-11-27 13:16:44,788 - __main__ - INFO - Epoch [180/200] | Train Loss: 0.5147 | Train Acc: 0.7783 | Val Loss: 0.9048 | Val Acc: 0.7256
2025-11-27 13:17:54,907 - __main__ - INFO - Epoch [181/200] | Train Loss: 0.5135 | Train Acc: 0.7770 | Val Loss: 0.8619 | Val Acc: 0.7319
2025-11-27 13:19:04,879 - __main__ - INFO - Epoch [182/200] | Train Loss: 0.5128 | Train Acc: 0.7800 | Val Loss: 0.9582 | Val Acc: 0.7215
2025-11-27 13:20:15,084 - __main__ - INFO - Epoch [183/200] | Train Loss: 0.5121 | Train Acc: 0.7804 | Val Loss: 0.9514 | Val Acc: 0.7166
2025-11-27 13:21:27,399 - __main__ - INFO - Epoch [184/200] | Train Loss: 0.5030 | Train Acc: 0.7829 | Val Loss: 0.9083 | Val Acc: 0.7306
2025-11-27 13:22:40,379 - __main__ - INFO - Epoch [185/200] | Train Loss: 0.5106 | Train Acc: 0.7799 | Val Loss: 0.8940 | Val Acc: 0.7245
2025-11-27 13:23:52,617 - __main__ - INFO - Epoch [186/200] | Train Loss: 0.5043 | Train Acc: 0.7823 | Val Loss: 0.8549 | Val Acc: 0.7306
2025-11-27 13:25:04,063 - __main__ - INFO - Epoch [187/200] | Train Loss: 0.5043 | Train Acc: 0.7829 | Val Loss: 0.9208 | Val Acc: 0.7219
2025-11-27 13:26:15,388 - __main__ - INFO - Epoch [188/200] | Train Loss: 0.5034 | Train Acc: 0.7832 | Val Loss: 0.8962 | Val Acc: 0.7242
2025-11-27 13:27:27,623 - __main__ - INFO - Epoch [189/200] | Train Loss: 0.5023 | Train Acc: 0.7841 | Val Loss: 0.9453 | Val Acc: 0.7179
2025-11-27 13:28:39,469 - __main__ - INFO - Epoch [190/200] | Train Loss: 0.4999 | Train Acc: 0.7837 | Val Loss: 0.8722 | Val Acc: 0.7241
2025-11-27 13:29:53,238 - __main__ - INFO - Epoch [191/200] | Train Loss: 0.5033 | Train Acc: 0.7826 | Val Loss: 0.9116 | Val Acc: 0.7204
2025-11-27 13:31:06,214 - __main__ - INFO - Epoch [192/200] | Train Loss: 0.4999 | Train Acc: 0.7829 | Val Loss: 0.8820 | Val Acc: 0.7263
2025-11-27 13:32:19,828 - __main__ - INFO - Epoch [193/200] | Train Loss: 0.4962 | Train Acc: 0.7862 | Val Loss: 0.8945 | Val Acc: 0.7282
2025-11-27 13:33:32,981 - __main__ - INFO - Epoch [194/200] | Train Loss: 0.4988 | Train Acc: 0.7829 | Val Loss: 0.9037 | Val Acc: 0.7258
2025-11-27 13:34:45,464 - __main__ - INFO - Epoch [195/200] | Train Loss: 0.4953 | Train Acc: 0.7862 | Val Loss: 0.8947 | Val Acc: 0.7229
2025-11-27 13:35:57,739 - __main__ - INFO - Epoch [196/200] | Train Loss: 0.4968 | Train Acc: 0.7855 | Val Loss: 0.9093 | Val Acc: 0.7251
2025-11-27 13:37:09,577 - __main__ - INFO - Epoch [197/200] | Train Loss: 0.4903 | Train Acc: 0.7878 | Val Loss: 0.8945 | Val Acc: 0.7316
2025-11-27 13:37:09,577 - __main__ - INFO - Early stopping triggered after 197 epochs. No improvement for 25 epochs.
2025-11-27 13:37:09,579 - __main__ - INFO - Loaded best model state (validation accuracy: 0.7353)
2025-11-27 13:37:09,580 - __main__ - INFO - ======================================================================
2025-11-27 13:37:09,580 - __main__ - INFO - Final evaluation on validation set...
2025-11-27 13:37:09,580 - __main__ - INFO - ======================================================================
2025-11-27 13:37:12,291 - __main__ - INFO - Final Validation Loss: 0.8802
2025-11-27 13:37:12,291 - __main__ - INFO - Final Validation Accuracy: 0.7316
2025-11-27 13:37:12,291 - __main__ - INFO - ======================================================================
2025-11-27 13:37:12,291 - __main__ - INFO - Evaluating on held-out test set...
2025-11-27 13:37:12,291 - __main__ - INFO - ======================================================================
2025-11-27 13:37:15,057 - __main__ - INFO - Test Loss: 0.8812
2025-11-27 13:37:15,057 - __main__ - INFO - Test Accuracy: 0.7309
2025-11-27 13:37:15,057 - __main__ - INFO - 
Test Set Classification Report:
2025-11-27 13:37:15,095 - __main__ - INFO - 
              precision    recall  f1-score   support

         car       0.70      0.46      0.56      2096
construction       0.90      0.74      0.81      2917
       fence       0.34      0.59      0.43       360
   longboard       0.89      0.86      0.87      1191
manipulation       0.96      0.83      0.89      1722
   openclose       0.73      0.53      0.61       594
     regular       0.95      0.95      0.95       420
     running       0.57      0.87      0.69      1293
        walk       0.51      0.80      0.63      1272

    accuracy                           0.73     11865
   macro avg       0.73      0.74      0.72     11865
weighted avg       0.77      0.73      0.74     11865

2025-11-27 13:37:15,108 - __main__ - INFO - 
Test Set Confusion Matrix:
2025-11-27 13:37:15,108 - __main__ - INFO - 
[[ 970  145  202   49    9   26    3  329  363]
 [ 204 2170   81   21   16   31    6  160  228]
 [  45    4  212    1    1    0    7   14   76]
 [  26   15   11 1022    3   12    2   75   25]
 [  20   11   17   25 1435   34    1   76  103]
 [  23   16   16   21   16  314    1   98   89]
 [   3    1   15    0    0    0  399    0    2]
 [  37   20    5    8    6    8    0 1130   79]
 [  57   40   61    1    6    3    0   84 1020]]
2025-11-27 13:37:15,108 - __main__ - INFO - 
======================================================================
2025-11-27 13:37:15,108 - __main__ - INFO - Validation Set Classification Report (for comparison):
2025-11-27 13:37:15,108 - __main__ - INFO - ======================================================================
2025-11-27 13:37:15,130 - __main__ - INFO - 
              precision    recall  f1-score   support

         car       0.72      0.47      0.57      2096
construction       0.90      0.75      0.82      2917
       fence       0.32      0.59      0.42       360
   longboard       0.89      0.85      0.87      1191
manipulation       0.97      0.85      0.91      1723
   openclose       0.73      0.52      0.61       594
     regular       0.92      0.94      0.93       420
     running       0.57      0.88      0.69      1293
        walk       0.51      0.76      0.61      1271

    accuracy                           0.73     11865
   macro avg       0.73      0.73      0.71     11865
weighted avg       0.77      0.73      0.74     11865

2025-11-27 13:37:15,130 - __main__ - INFO - ======================================================================
2025-11-27 13:37:15,130 - __main__ - INFO - Plotting training history...
2025-11-27 13:37:15,130 - __main__ - INFO - ======================================================================
2025-11-27 13:37:15,571 - __main__ - INFO - Training history saved to 'training_history.png'
2025-11-27 13:37:15,571 - __main__ - INFO - ======================================================================
2025-11-27 13:37:15,571 - __main__ - INFO - Training Summary
2025-11-27 13:37:15,571 - __main__ - INFO - ======================================================================
2025-11-27 13:37:15,571 - __main__ - INFO - Total Epochs: 197
2025-11-27 13:37:15,571 - __main__ - INFO - Final Training Loss: 0.4903
2025-11-27 13:37:15,572 - __main__ - INFO - Final Training Accuracy: 0.7878
2025-11-27 13:37:15,572 - __main__ - INFO - Final Validation Loss: 0.8945
2025-11-27 13:37:15,572 - __main__ - INFO - Final Validation Accuracy: 0.7316
2025-11-27 13:37:15,572 - __main__ - INFO - Best Validation Accuracy: 0.7353 (Epoch 172)
2025-11-27 13:37:15,572 - __main__ - INFO - Test Accuracy: 0.7309
2025-11-27 13:37:15,572 - __main__ - INFO - ======================================================================
2025-11-27 13:37:15,572 - __main__ - INFO - Training completed successfully!
